# JRE version: Java(TM) SE Runtime Environment (8.0_45-b14) (build 1.8.0_45-b14)
# Java VM: Java HotSpot(TM) 64-Bit Server VM (25.45-b02 mixed mode linux-amd64 compressed oops)
Heap:
 PSYoungGen      total 212480K, used 21726K [0x00000000eab00000, 0x00000000f9a00000, 0x0000000100000000)
  eden space 188416K, 0% used [0x00000000eab00000,0x00000000eab00000,0x00000000f6300000)
  from space 24064K, 90% used [0x00000000f6300000,0x00000000f7837960,0x00000000f7a80000)
  to   space 15872K, 0% used [0x00000000f7a80000,0x00000000f7a80000,0x00000000f8a00000)
 ParOldGen       total 74752K, used 72801K [0x00000000c0000000, 0x00000000c4900000, 0x00000000eab00000)
  object space 74752K, 97% used [0x00000000c0000000,0x00000000c4718438,0x00000000c4900000)
 Metaspace       used 7399K, capacity 7934K, committed 8192K, reserved 1056768K
  class space    used 710K, capacity 753K, committed 768K, reserved 1048576K
GC Heap History (10 events):
Event: 1.066 GC heap after
Heap after GC invocations=2 (full 0):
 PSYoungGen      total 52736K, used 3569K [0x00000000eab00000, 0x00000000ee200000, 0x0000000100000000)
  eden space 49152K, 0% used [0x00000000eab00000,0x00000000eab00000,0x00000000edb00000)
  from space 3584K, 99% used [0x00000000ede80000,0x00000000ee1fc760,0x00000000ee200000)
  to   space 3584K, 0% used [0x00000000edb00000,0x00000000edb00000,0x00000000ede80000)
 ParOldGen       total 64512K, used 9231K [0x00000000c0000000, 0x00000000c3f00000, 0x00000000eab00000)
  object space 64512K, 14% used [0x00000000c0000000,0x00000000c0903ea0,0x00000000c3f00000)
 Metaspace       used 5595K, capacity 6896K, committed 7040K, reserved 1056768K
  class space    used 546K, capacity 616K, committed 640K, reserved 1048576K
}
Event: 1.701 GC heap before
{Heap before GC invocations=3 (full 0):
 PSYoungGen      total 52736K, used 52721K [0x00000000eab00000, 0x00000000ee200000, 0x0000000100000000)
  eden space 49152K, 100% used [0x00000000eab00000,0x00000000edb00000,0x00000000edb00000)
  from space 3584K, 99% used [0x00000000ede80000,0x00000000ee1fc760,0x00000000ee200000)
  to   space 3584K, 0% used [0x00000000edb00000,0x00000000edb00000,0x00000000ede80000)
 ParOldGen       total 64512K, used 9231K [0x00000000c0000000, 0x00000000c3f00000, 0x00000000eab00000)
  object space 64512K, 14% used [0x00000000c0000000,0x00000000c0903ea0,0x00000000c3f00000)
 Metaspace       used 7269K, capacity 7928K, committed 8192K, reserved 1056768K
  class space    used 701K, capacity 752K, committed 768K, reserved 1048576K
Event: 1.711 GC heap after
Heap after GC invocations=3 (full 0):
 PSYoungGen      total 52736K, used 3572K [0x00000000eab00000, 0x00000000f1200000, 0x0000000100000000)
  eden space 49152K, 0% used [0x00000000eab00000,0x00000000eab00000,0x00000000edb00000)
  from space 3584K, 99% used [0x00000000edb00000,0x00000000ede7d088,0x00000000ede80000)
  to   space 3584K, 0% used [0x00000000f0e80000,0x00000000f0e80000,0x00000000f1200000)
 ParOldGen       total 64512K, used 15388K [0x00000000c0000000, 0x00000000c3f00000, 0x00000000eab00000)
  object space 64512K, 23% used [0x00000000c0000000,0x00000000c0f07268,0x00000000c3f00000)
 Metaspace       used 7269K, capacity 7928K, committed 8192K, reserved 1056768K
  class space    used 701K, capacity 752K, committed 768K, reserved 1048576K
}
Event: 1.868 GC heap before
{Heap before GC invocations=4 (full 0):
 PSYoungGen      total 52736K, used 52724K [0x00000000eab00000, 0x00000000f1200000, 0x0000000100000000)
  eden space 49152K, 100% used [0x00000000eab00000,0x00000000edb00000,0x00000000edb00000)
  from space 3584K, 99% used [0x00000000edb00000,0x00000000ede7d088,0x00000000ede80000)
  to   space 3584K, 0% used [0x00000000f0e80000,0x00000000f0e80000,0x00000000f1200000)
 ParOldGen       total 64512K, used 15388K [0x00000000c0000000, 0x00000000c3f00000, 0x00000000eab00000)
  object space 64512K, 23% used [0x00000000c0000000,0x00000000c0f07268,0x00000000c3f00000)
 Metaspace       used 7300K, capacity 7928K, committed 8192K, reserved 1056768K
  class space    used 701K, capacity 752K, committed 768K, reserved 1048576K
Event: 1.886 GC heap after
Heap after GC invocations=4 (full 0):
 PSYoungGen      total 101888K, used 3566K [0x00000000eab00000, 0x00000000f1200000, 0x0000000100000000)
  eden space 98304K, 0% used [0x00000000eab00000,0x00000000eab00000,0x00000000f0b00000)
  from space 3584K, 99% used [0x00000000f0e80000,0x00000000f11fb928,0x00000000f1200000)
  to   space 3584K, 0% used [0x00000000f0b00000,0x00000000f0b00000,0x00000000f0e80000)
 ParOldGen       total 64512K, used 18822K [0x00000000c0000000, 0x00000000c3f00000, 0x00000000eab00000)
  object space 64512K, 29% used [0x00000000c0000000,0x00000000c1261b80,0x00000000c3f00000)
 Metaspace       used 7300K, capacity 7928K, committed 8192K, reserved 1056768K
  class space    used 701K, capacity 752K, committed 768K, reserved 1048576K
}
Event: 2.217 GC heap before
{Heap before GC invocations=5 (full 0):
 PSYoungGen      total 101888K, used 101870K [0x00000000eab00000, 0x00000000f1200000, 0x0000000100000000)
  eden space 98304K, 100% used [0x00000000eab00000,0x00000000f0b00000,0x00000000f0b00000)
  from space 3584K, 99% used [0x00000000f0e80000,0x00000000f11fb928,0x00000000f1200000)
  to   space 3584K, 0% used [0x00000000f0b00000,0x00000000f0b00000,0x00000000f0e80000)
 ParOldGen       total 64512K, used 18822K [0x00000000c0000000, 0x00000000c3f00000, 0x00000000eab00000)
  object space 64512K, 29% used [0x00000000c0000000,0x00000000c1261b80,0x00000000c3f00000)
 Metaspace       used 7390K, capacity 7934K, committed 8192K, reserved 1056768K
  class space    used 710K, capacity 753K, committed 768K, reserved 1048576K
Event: 2.229 GC heap after
Heap after GC invocations=5 (full 0):
 PSYoungGen      total 101888K, used 3558K [0x00000000eab00000, 0x00000000f8a00000, 0x0000000100000000)
  eden space 98304K, 0% used [0x00000000eab00000,0x00000000eab00000,0x00000000f0b00000)
  from space 3584K, 99% used [0x00000000f0b00000,0x00000000f0e79848,0x00000000f0e80000)
  to   space 15872K, 0% used [0x00000000f7a80000,0x00000000f7a80000,0x00000000f8a00000)
 ParOldGen       total 64512K, used 30760K [0x00000000c0000000, 0x00000000c3f00000, 0x00000000eab00000)
  object space 64512K, 47% used [0x00000000c0000000,0x00000000c1e0a118,0x00000000c3f00000)
 Metaspace       used 7390K, capacity 7934K, committed 8192K, reserved 1056768K
  class space    used 710K, capacity 753K, committed 768K, reserved 1048576K
}
Event: 2.483 GC heap before
{Heap before GC invocations=6 (full 0):
 PSYoungGen      total 101888K, used 101862K [0x00000000eab00000, 0x00000000f8a00000, 0x0000000100000000)
  eden space 98304K, 100% used [0x00000000eab00000,0x00000000f0b00000,0x00000000f0b00000)
  from space 3584K, 99% used [0x00000000f0b00000,0x00000000f0e79848,0x00000000f0e80000)
  to   space 15872K, 0% used [0x00000000f7a80000,0x00000000f7a80000,0x00000000f8a00000)
 ParOldGen       total 64512K, used 30760K [0x00000000c0000000, 0x00000000c3f00000, 0x00000000eab00000)
  object space 64512K, 47% used [0x00000000c0000000,0x00000000c1e0a118,0x00000000c3f00000)
 Metaspace       used 7393K, capacity 7934K, committed 8192K, reserved 1056768K
  class space    used 710K, capacity 753K, committed 768K, reserved 1048576K
Event: 2.524 GC heap after
Heap after GC invocations=6 (full 0):
 PSYoungGen      total 204288K, used 15862K [0x00000000eab00000, 0x00000000f9a00000, 0x0000000100000000)
  eden space 188416K, 0% used [0x00000000eab00000,0x00000000eab00000,0x00000000f6300000)
  from space 15872K, 99% used [0x00000000f7a80000,0x00000000f89fdbd0,0x00000000f8a00000)
  to   space 24064K, 0% used [0x00000000f6300000,0x00000000f6300000,0x00000000f7a80000)
 ParOldGen       total 64512K, used 40711K [0x00000000c0000000, 0x00000000c3f00000, 0x00000000eab00000)
  object space 64512K, 63% used [0x00000000c0000000,0x00000000c27c1ea8,0x00000000c3f00000)
 Metaspace       used 7393K, capacity 7934K, committed 8192K, reserved 1056768K
  class space    used 710K, capacity 753K, committed 768K, reserved 1048576K
}
Event: 2.977 GC heap before
{Heap before GC invocations=7 (full 0):
 PSYoungGen      total 204288K, used 204278K [0x00000000eab00000, 0x00000000f9a00000, 0x0000000100000000)
  eden space 188416K, 100% used [0x00000000eab00000,0x00000000f6300000,0x00000000f6300000)
  from space 15872K, 99% used [0x00000000f7a80000,0x00000000f89fdbd0,0x00000000f8a00000)
  to   space 24064K, 0% used [0x00000000f6300000,0x00000000f6300000,0x00000000f7a80000)
 ParOldGen       total 64512K, used 40711K [0x00000000c0000000, 0x00000000c3f00000, 0x00000000eab00000)
  object space 64512K, 63% used [0x00000000c0000000,0x00000000c27c1ea8,0x00000000c3f00000)
 Metaspace       used 7399K, capacity 7934K, committed 8192K, reserved 1056768K
  class space    used 710K, capacity 753K, committed 768K, reserved 1048576K

